# JRE version: OpenJDK Runtime Environment (8.0_242-b01) (build 1.8.0_242-release-1644-b01)
# Java VM: OpenJDK 64-Bit Server VM (25.242-b01 mixed mode windows-amd64 compressed oops)
Heap:
 PSYoungGen      total 293376K, used 54228K [0x00000000e0000000, 0x00000000fa680000, 0x0000000100000000)
  eden space 274944K, 19% used [0x00000000e0000000,0x00000000e34f5018,0x00000000f0c80000)
  from space 18432K, 0% used [0x00000000f0c80000,0x00000000f0c80000,0x00000000f1e80000)
  to   space 24576K, 0% used [0x00000000f8e80000,0x00000000f8e80000,0x00000000fa680000)
 ParOldGen       total 155648K, used 43573K [0x00000000a0000000, 0x00000000a9800000, 0x00000000e0000000)
  object space 155648K, 27% used [0x00000000a0000000,0x00000000a2a8d4d0,0x00000000a9800000)
 Metaspace       used 58380K, capacity 60720K, committed 60760K, reserved 1101824K
  class space    used 7962K, capacity 8557K, committed 8576K, reserved 1048576K
GC Heap History (10 events):
Event: 9.551 GC heap before
{Heap before GC invocations=8 (full 1):
 PSYoungGen      total 164352K, used 16546K [0x00000000e0000000, 0x00000000eb380000, 0x0000000100000000)
  eden space 150016K, 1% used [0x00000000e0000000,0x00000000e02e06c8,0x00000000e9280000)
  from space 14336K, 94% used [0x00000000ea280000,0x00000000eafc83a8,0x00000000eb080000)
  to   space 16384K, 0% used [0x00000000e9280000,0x00000000e9280000,0x00000000ea280000)
 ParOldGen       total 85504K, used 13925K [0x00000000a0000000, 0x00000000a5380000, 0x00000000e0000000)
  object space 85504K, 16% used [0x00000000a0000000,0x00000000a0d99488,0x00000000a5380000)
 Metaspace       used 34532K, capacity 35372K, committed 35416K, reserved 1079296K
  class space    used 4725K, capacity 4991K, committed 4992K, reserved 1048576K
Event: 9.567 GC heap after
Heap after GC invocations=8 (full 1):
 PSYoungGen      total 166400K, used 9330K [0x00000000e0000000, 0x00000000f3080000, 0x0000000100000000)
  eden space 150016K, 0% used [0x00000000e0000000,0x00000000e0000000,0x00000000e9280000)
  from space 16384K, 56% used [0x00000000e9280000,0x00000000e9b9cb08,0x00000000ea280000)
  to   space 15360K, 0% used [0x00000000f2180000,0x00000000f2180000,0x00000000f3080000)
 ParOldGen       total 85504K, used 13933K [0x00000000a0000000, 0x00000000a5380000, 0x00000000e0000000)
  object space 85504K, 16% used [0x00000000a0000000,0x00000000a0d9b488,0x00000000a5380000)
 Metaspace       used 34532K, capacity 35372K, committed 35416K, reserved 1079296K
  class space    used 4725K, capacity 4991K, committed 4992K, reserved 1048576K
}
Event: 9.567 GC heap before
{Heap before GC invocations=9 (full 2):
 PSYoungGen      total 166400K, used 9330K [0x00000000e0000000, 0x00000000f3080000, 0x0000000100000000)
  eden space 150016K, 0% used [0x00000000e0000000,0x00000000e0000000,0x00000000e9280000)
  from space 16384K, 56% used [0x00000000e9280000,0x00000000e9b9cb08,0x00000000ea280000)
  to   space 15360K, 0% used [0x00000000f2180000,0x00000000f2180000,0x00000000f3080000)
 ParOldGen       total 85504K, used 13933K [0x00000000a0000000, 0x00000000a5380000, 0x00000000e0000000)
  object space 85504K, 16% used [0x00000000a0000000,0x00000000a0d9b488,0x00000000a5380000)
 Metaspace       used 34532K, capacity 35372K, committed 35416K, reserved 1079296K
  class space    used 4725K, capacity 4991K, committed 4992K, reserved 1048576K
Event: 9.679 GC heap after
Heap after GC invocations=9 (full 2):
 PSYoungGen      total 166400K, used 0K [0x00000000e0000000, 0x00000000f3080000, 0x0000000100000000)
  eden space 150016K, 0% used [0x00000000e0000000,0x00000000e0000000,0x00000000e9280000)
  from space 16384K, 0% used [0x00000000e9280000,0x00000000e9280000,0x00000000ea280000)
  to   space 15360K, 0% used [0x00000000f2180000,0x00000000f2180000,0x00000000f3080000)
 ParOldGen       total 104960K, used 16173K [0x00000000a0000000, 0x00000000a6680000, 0x00000000e0000000)
  object space 104960K, 15% used [0x00000000a0000000,0x00000000a0fcb768,0x00000000a6680000)
 Metaspace       used 34522K, capacity 35336K, committed 35416K, reserved 1079296K
  class space    used 4722K, capacity 4985K, committed 4992K, reserved 1048576K
}
Event: 12.890 GC heap before
{Heap before GC invocations=10 (full 2):
 PSYoungGen      total 166400K, used 150016K [0x00000000e0000000, 0x00000000f3080000, 0x0000000100000000)
  eden space 150016K, 100% used [0x00000000e0000000,0x00000000e9280000,0x00000000e9280000)
  from space 16384K, 0% used [0x00000000e9280000,0x00000000e9280000,0x00000000ea280000)
  to   space 15360K, 0% used [0x00000000f2180000,0x00000000f2180000,0x00000000f3080000)
 ParOldGen       total 104960K, used 16173K [0x00000000a0000000, 0x00000000a6680000, 0x00000000e0000000)
  object space 104960K, 15% used [0x00000000a0000000,0x00000000a0fcb768,0x00000000a6680000)
 Metaspace       used 46574K, capacity 47652K, committed 47704K, reserved 1091584K
  class space    used 6227K, capacity 6505K, committed 6528K, reserved 1048576K
Event: 12.911 GC heap after
Heap after GC invocations=10 (full 2):
 PSYoungGen      total 281600K, used 15349K [0x00000000e0000000, 0x00000000f3080000, 0x0000000100000000)
  eden space 266240K, 0% used [0x00000000e0000000,0x00000000e0000000,0x00000000f0400000)
  from space 15360K, 99% used [0x00000000f2180000,0x00000000f307d490,0x00000000f3080000)
  to   space 18432K, 0% used [0x00000000f0c80000,0x00000000f0c80000,0x00000000f1e80000)
 ParOldGen       total 104960K, used 18383K [0x00000000a0000000, 0x00000000a6680000, 0x00000000e0000000)
  object space 104960K, 17% used [0x00000000a0000000,0x00000000a11f3c90,0x00000000a6680000)
 Metaspace       used 46574K, capacity 47652K, committed 47704K, reserved 1091584K
  class space    used 6227K, capacity 6505K, committed 6528K, reserved 1048576K
}
Event: 17.445 GC heap before
{Heap before GC invocations=11 (full 2):
 PSYoungGen      total 281600K, used 226697K [0x00000000e0000000, 0x00000000f3080000, 0x0000000100000000)
  eden space 266240K, 79% used [0x00000000e0000000,0x00000000ece652a8,0x00000000f0400000)
  from space 15360K, 99% used [0x00000000f2180000,0x00000000f307d490,0x00000000f3080000)
  to   space 18432K, 0% used [0x00000000f0c80000,0x00000000f0c80000,0x00000000f1e80000)
 ParOldGen       total 104960K, used 18383K [0x00000000a0000000, 0x00000000a6680000, 0x00000000e0000000)
  object space 104960K, 17% used [0x00000000a0000000,0x00000000a11f3c90,0x00000000a6680000)
 Metaspace       used 57048K, capacity 58902K, committed 58968K, reserved 1099776K
  class space    used 7780K, capacity 8281K, committed 8320K, reserved 1048576K
Event: 17.506 GC heap after
Heap after GC invocations=11 (full 2):
 PSYoungGen      total 293376K, used 18423K [0x00000000e0000000, 0x00000000fa680000, 0x0000000100000000)
  eden space 274944K, 0% used [0x00000000e0000000,0x00000000e0000000,0x00000000f0c80000)
  from space 18432K, 99% used [0x00000000f0c80000,0x00000000f1e7ddd8,0x00000000f1e80000)
  to   space 24576K, 0% used [0x00000000f8e80000,0x00000000f8e80000,0x00000000fa680000)
 ParOldGen       total 104960K, used 28713K [0x00000000a0000000, 0x00000000a6680000, 0x00000000e0000000)
  object space 104960K, 27% used [0x00000000a0000000,0x00000000a1c0a5a0,0x00000000a6680000)
 Metaspace       used 57048K, capacity 58902K, committed 58968K, reserved 1099776K
  class space    used 7780K, capacity 8281K, committed 8320K, reserved 1048576K
}
Event: 17.506 GC heap before
{Heap before GC invocations=12 (full 3):
 PSYoungGen      total 293376K, used 18423K [0x00000000e0000000, 0x00000000fa680000, 0x0000000100000000)
  eden space 274944K, 0% used [0x00000000e0000000,0x00000000e0000000,0x00000000f0c80000)
  from space 18432K, 99% used [0x00000000f0c80000,0x00000000f1e7ddd8,0x00000000f1e80000)
  to   space 24576K, 0% used [0x00000000f8e80000,0x00000000f8e80000,0x00000000fa680000)
 ParOldGen       total 104960K, used 28713K [0x00000000a0000000, 0x00000000a6680000, 0x00000000e0000000)
  object space 104960K, 27% used [0x00000000a0000000,0x00000000a1c0a5a0,0x00000000a6680000)
 Metaspace       used 57048K, capacity 58902K, committed 58968K, reserved 1099776K
  class space    used 7780K, capacity 8281K, committed 8320K, reserved 1048576K
Event: 17.976 GC heap after
Heap after GC invocations=12 (full 3):
 PSYoungGen      total 293376K, used 0K [0x00000000e0000000, 0x00000000fa680000, 0x0000000100000000)
  eden space 274944K, 0% used [0x00000000e0000000,0x00000000e0000000,0x00000000f0c80000)
  from space 18432K, 0% used [0x00000000f0c80000,0x00000000f0c80000,0x00000000f1e80000)
  to   space 24576K, 0% used [0x00000000f8e80000,0x00000000f8e80000,0x00000000fa680000)
 ParOldGen       total 155648K, used 43573K [0x00000000a0000000, 0x00000000a9800000, 0x00000000e0000000)
  object space 155648K, 27% used [0x00000000a0000000,0x00000000a2a8d4d0,0x00000000a9800000)
 Metaspace       used 57048K, capacity 58902K, committed 58968K, reserved 1099776K
  class space    used 7780K, capacity 8281K, committed 8320K, reserved 1048576K
}

